<?xml version="1.0" encoding="UTF-8"?>
<!-- Generated by org.testng.reporters.JUnitReportReporter -->
<testsuite name="TestAPI" tests="1" time="3.144" ignored="4" failures="0" timestamp="27 Jul 2023 12:31:21 GMT" skipped="0" hostname="LP-5CD2081L0B" errors="0">
  <testcase name="auth" time="3.144" classname="TestAPI"/>
  <testcase name="post" classname="TestAPI">
    <skipped/>
  </testcase> <!-- post -->
  <testcase name="getmethod" classname="TestAPI">
    <skipped/>
  </testcase> <!-- getmethod -->
  <testcase name="getmethod_bddstyle" classname="TestAPI">
    <skipped/>
  </testcase> <!-- getmethod_bddstyle -->
  <testcase name="delete" classname="TestAPI">
    <skipped/>
  </testcase> <!-- delete -->
</testsuite> <!-- TestAPI -->
